#
# A fatal error has been detected by the Java Runtime Environment:
#
#  EXCEPTION_ACCESS_VIOLATION (0xc0000005) at pc=0x00007ffcb3fd0e23, pid=10600, tid=12624
#
# JRE version: Java(TM) SE Runtime Environment (14.0+36) (build 14+36-1461)
# Java VM: Java HotSpot(TM) 64-Bit Server VM (14+36-1461, mixed mode, sharing, tiered, compressed oops, g1 gc, windows-amd64)
# Problematic frame:
# C  [ig9icd64.dll+0x8a0e23]
#
# No core dump will be written. Minidumps are not enabled by default on client versions of Windows
#
# If you would like to submit a bug report, please visit:
#   https://bugreport.java.com/bugreport/crash.jsp
# The crash happened outside the Java Virtual Machine in native code.
# See problematic frame for where to report the bug.
#

---------------  S U M M A R Y ------------

Command Line: -Dfile.encoding=UTF-8 -Djava.library.path=D:\lwjgl-2.9.2\native\windows semesterproject.SemesterProject

Host: Intel(R) Core(TM) i7-8750H CPU @ 2.20GHz, 12 cores, 31G,  Windows 10 , 64 bit Build 19041 (10.0.19041.546)
Time: Mon Nov  9 12:00:09 2020 Pacific Standard Time elapsed time: 1 seconds (0d 0h 0m 1s)

---------------  T H R E A D  ---------------

Current thread (0x000002556a4fa000):  JavaThread "main" [_thread_in_native, id=12624, stack(0x000000844dc00000,0x000000844dd00000)]

Stack: [0x000000844dc00000,0x000000844dd00000],  sp=0x000000844dcfbff0,  free space=1007k
Native frames: (J=compiled Java code, j=interpreted, Vv=VM code, C=native code)
C  [ig9icd64.dll+0x8a0e23]

Java frames: (J=compiled Java code, j=interpreted, Vv=VM code)
j  org.lwjgl.opengl.GL11.nglDrawArrays(IIIJ)V+0
j  org.lwjgl.opengl.GL11.glDrawArrays(III)V+20
j  semesterproject.Chunk.render()V+69
j  semesterproject.FPCameraController.gameLoop()V+235
j  semesterproject.SemesterProject.start()V+12
j  semesterproject.SemesterProject.main([Ljava/lang/String;)V+9
v  ~StubRoutines::call_stub

siginfo: EXCEPTION_ACCESS_VIOLATION (0xc0000005), reading address 0x0000000000000028


Register to memory mapping:

RIP=0x00007ffcb3fd0e23 ig9icd64.dll
RAX=0x000002557fa31140 points into unknown readable memory: 00 00 00 00 00 00 00 00
RBX=0x0000000000000001 is an unknown value
RCX=0x0 is NULL
RDX=0x000002551a53d320 points into unknown readable memory: 00 00 00 00 00 00 00 00
RSP=0x000000844dcfbff0 is pointing into the stack for thread: 0x000002556a4fa000
RBP=0x000000844dcfc0f0 is pointing into the stack for thread: 0x000002556a4fa000
RSI=0x000002551a481d50 points into unknown readable memory: 01 00 00 11 34 70 00 00
RDI=0x000002551a2a0080 points into unknown readable memory: 00 2e a3 7f 55 02 00 00
R8 =0x000002551caf0a38 points into unknown readable memory: 0b 00 08 78 00 00 00 00
R9 =0x0 is NULL
R10=0x0 is NULL
R11=0x0000000000000001 is an unknown value
R12=0x0 is NULL
R13=0x0 is NULL
R14=0x0000000000000010 is an unknown value
R15=0x000002551a4939bc points into unknown readable memory: 00 00 00 00


Registers:
RAX=0x000002557fa31140, RBX=0x0000000000000001, RCX=0x0000000000000000, RDX=0x000002551a53d320
RSP=0x000000844dcfbff0, RBP=0x000000844dcfc0f0, RSI=0x000002551a481d50, RDI=0x000002551a2a0080
R8 =0x000002551caf0a38, R9 =0x0000000000000000, R10=0x0000000000000000, R11=0x0000000000000001
R12=0x0000000000000000, R13=0x0000000000000000, R14=0x0000000000000010, R15=0x000002551a4939bc
RIP=0x00007ffcb3fd0e23, EFLAGS=0x0000000000010202

Top of Stack: (sp=0x000000844dcfbff0)
0x000000844dcfbff0:   0000001000000000 00007ffd0f6a0df1
0x000000844dcfc000:   0000001000000000 0000025568300150
0x000000844dcfc010:   00007ffcb4410388 0000000000000001
0x000000844dcfc020:   000000000000003a 0000025568300000
0x000000844dcfc030:   0000000300000100 000000000f6a0df1
0x000000844dcfc040:   00000255683002e8 0000025500000a38
0x000000844dcfc050:   0000000000000001 000000000000003a
0x000000844dcfc060:   0000000000000100 0000025500000a38
0x000000844dcfc070:   0000000000000001 00007ffd0f6a48ea
0x000000844dcfc080:   000002551caf0a38 0000000000000000
0x000000844dcfc090:   000002551a751b60 0000000000000128
0x000000844dcfc0a0:   000000000000003a 000002551a76e5ae
0x000000844dcfc0b0:   000002551a76e530 0000000000000000
0x000000844dcfc0c0:   000002551a53d320 00007ffd0f6a9500
0x000000844dcfc0d0:   000002551a53cc40 000002551caf0000
0x000000844dcfc0e0:   0000000000400000 00007ffd41004001 

Instructions: (pc=0x00007ffcb3fd0e23)
0x00007ffcb3fd0d23:   47 fc 00 00 00 00 48 8b 86 80 1d 01 00 4c 0f ab
0x00007ffcb3fd0d33:   c8 48 89 86 80 1d 01 00 41 ff c4 e9 6f 04 00 00
0x00007ffcb3fd0d43:   80 7c 24 6c 00 74 2b 41 0f be 08 44 8b f1 8b 87
0x00007ffcb3fd0d53:   e8 ad 02 00 0f a3 c8 72 52 83 f9 10 75 07 33 c0
0x00007ffcb3fd0d63:   44 8b f0 eb 46 84 c9 b8 10 00 00 00 44 0f 44 f0
0x00007ffcb3fd0d73:   eb 39 8b c8 48 03 c9 44 8b b4 ca a0 c2 cb 00 83
0x00007ffcb3fd0d83:   bc ca ac c2 cb 00 00 75 1e 8b 87 e8 ad 02 00 44
0x00007ffcb3fd0d93:   0f a3 f0 72 12 83 bc ca a4 c2 cb 00 00 74 08 44
0x00007ffcb3fd0da3:   8b b4 ca a8 c2 cb 00 41 0f b6 08 80 f9 ff 74 11
0x00007ffcb3fd0db3:   48 0f be c1 4c 8d 8d 60 06 00 00 4d 8d 0c c1 eb
0x00007ffcb3fd0dc3:   05 33 c0 44 8b c8 48 8b 85 b8 00 00 00 48 8b 40
0x00007ffcb3fd0dd3:   18 48 89 45 e8 8b 44 24 78 89 44 24 58 45 8b c5
0x00007ffcb3fd0de3:   49 c1 e0 04 4c 03 45 90 48 8b 97 e0 8e 01 00 41
0x00007ffcb3fd0df3:   8b c6 48 8d 0c c0 48 8d 04 ca 48 89 45 e0 8b 44
0x00007ffcb3fd0e03:   ca 40 48 8d 0c 80 48 8d 14 ca 48 81 c2 e0 08 00
0x00007ffcb3fd0e13:   00 48 89 55 d0 48 8b 42 10 48 8b 88 00 01 00 00
0x00007ffcb3fd0e23:   4c 8b 59 28 4d 85 db 0f 84 c4 02 00 00 4d 8b 5b
0x00007ffcb3fd0e33:   20 4d 85 db 0f 84 b7 02 00 00 c6 80 a4 00 00 00
0x00007ffcb3fd0e43:   00 44 8b 49 20 8b 49 08 48 8b 12 48 03 d1 8b 05
0x00007ffcb3fd0e53:   19 37 65 00 41 89 40 04 48 8b 45 d0 8b 40 08 41
0x00007ffcb3fd0e63:   8b cd c1 e1 1a 25 ff 0f 00 00 0b c8 41 8b 40 04
0x00007ffcb3fd0e73:   25 00 f0 ff 03 0b c8 41 89 48 04 41 8b c9 2b ca
0x00007ffcb3fd0e83:   49 3b d1 41 ba 00 00 00 00 41 0f 4f ca 41 89 48
0x00007ffcb3fd0e93:   10 48 8b 87 20 49 03 00 f7 40 58 00 01 00 00 74
0x00007ffcb3fd0ea3:   0c 85 c9 75 08 41 81 48 04 00 20 00 00 48 8b 87
0x00007ffcb3fd0eb3:   f8 72 03 00 83 b8 38 45 01 00 01 75 17 48 05 00
0x00007ffcb3fd0ec3:   45 01 00 48 89 45 e8 41 3b d1 41 0f 47 d2 8b 44
0x00007ffcb3fd0ed3:   24 74 eb 0f 41 3b d1 41 0f 47 d2 8b 44 24 58 03
0x00007ffcb3fd0ee3:   44 24 74 83 c0 08 89 44 24 38 89 54 24 30 44 89
0x00007ffcb3fd0ef3:   6c 24 28 c7 44 24 20 0b 00 00 00 45 33 c9 4d 8b
0x00007ffcb3fd0f03:   c3 48 8b 55 e8 48 8b 8f 10 49 03 00 e8 9c a3 79
0x00007ffcb3fd0f13:   ff 4c 8b 55 e0 45 33 db 84 db 0f 84 a1 00 00 00 


Stack slot to memory mapping:
stack at sp + 0 slots: 0x0000001000000000 is an unknown value
stack at sp + 1 slots: 0x00007ffd0f6a0df1 ntdll.dll
stack at sp + 2 slots: 0x0000001000000000 is an unknown value
stack at sp + 3 slots: 0x0000025568300150 points into unknown readable memory: 70 4e aa 7f 55 02 00 00
stack at sp + 4 slots: 0x00007ffcb4410388 ig9icd64.dll
stack at sp + 5 slots: 0x0000000000000001 is an unknown value
stack at sp + 6 slots: 0x000000000000003a is an unknown value
stack at sp + 7 slots: 0x0000025568300000 points into unknown readable memory: 00 00 00 00 00 00 00 00


---------------  P R O C E S S  ---------------

Threads class SMR info:
_java_thread_list=0x000002557f94f380, length=11, elements={
0x000002556a4fa000, 0x000002557eee8800, 0x000002557eeea000, 0x000002557f81d800,
0x000002557f820800, 0x000002557f823800, 0x000002557f82c800, 0x000002557f831000,
0x000002557f844800, 0x000002557f97d800, 0x000002557f986000
}

Java Threads: ( => current thread )
=>0x000002556a4fa000 JavaThread "main" [_thread_in_native, id=12624, stack(0x000000844dc00000,0x000000844dd00000)]
  0x000002557eee8800 JavaThread "Reference Handler" daemon [_thread_blocked, id=9812, stack(0x000000844e300000,0x000000844e400000)]
  0x000002557eeea000 JavaThread "Finalizer" daemon [_thread_blocked, id=17080, stack(0x000000844e400000,0x000000844e500000)]
  0x000002557f81d800 JavaThread "Signal Dispatcher" daemon [_thread_blocked, id=11528, stack(0x000000844e500000,0x000000844e600000)]
  0x000002557f820800 JavaThread "Attach Listener" daemon [_thread_blocked, id=12732, stack(0x000000844e600000,0x000000844e700000)]
  0x000002557f823800 JavaThread "Service Thread" daemon [_thread_blocked, id=14332, stack(0x000000844e700000,0x000000844e800000)]
  0x000002557f82c800 JavaThread "C2 CompilerThread0" daemon [_thread_blocked, id=1604, stack(0x000000844e800000,0x000000844e900000)]
  0x000002557f831000 JavaThread "C1 CompilerThread0" daemon [_thread_blocked, id=17904, stack(0x000000844e900000,0x000000844ea00000)]
  0x000002557f844800 JavaThread "Sweeper thread" daemon [_thread_blocked, id=7012, stack(0x000000844ea00000,0x000000844eb00000)]
  0x000002557f97d800 JavaThread "Notification Thread" daemon [_thread_blocked, id=9544, stack(0x000000844eb00000,0x000000844ec00000)]
  0x000002557f986000 JavaThread "Common-Cleaner" daemon [_thread_blocked, id=1408, stack(0x000000844ed00000,0x000000844ee00000)]

Other Threads:
  0x000002557eee2000 VMThread "VM Thread" [stack: 0x000000844e200000,0x000000844e300000] [id=5236]
  0x000002557f97e800 WatcherThread [stack: 0x000000844ec00000,0x000000844ed00000] [id=16900]
  0x000002556a57d800 GCTaskThread "GC Thread#0" [stack: 0x000000844dd00000,0x000000844de00000] [id=5504]
  0x000002556a59f000 ConcurrentGCThread "G1 Main Marker" [stack: 0x000000844de00000,0x000000844df00000] [id=15912]
  0x000002556a5a1800 ConcurrentGCThread "G1 Conc#0" [stack: 0x000000844df00000,0x000000844e000000] [id=11864]
  0x000002557ee6f800 ConcurrentGCThread "G1 Refine#0" [stack: 0x000000844e000000,0x000000844e100000] [id=3348]
  0x000002557ee70800 ConcurrentGCThread "G1 Young RemSet Sampling" [stack: 0x000000844e100000,0x000000844e200000] [id=2536]

Threads with active compile tasks:

VM state:not at safepoint (normal execution)

VM Mutex/Monitor currently owned by a thread: None

Heap address: 0x0000000602600000, size: 8154 MB, Compressed Oops mode: Zero based, Oop shift amount: 3
Narrow klass base: 0x0000000800000000, Narrow klass shift: 3
Compressed class space size: 1073741824 Address: 0x0000000800b30000

Heap:
 garbage-first heap   total 522240K, used 6144K [0x0000000602600000, 0x0000000800000000)
  region size 2048K, 4 young (8192K), 0 survivors (0K)
 Metaspace       used 2523K, capacity 5876K, committed 6144K, reserved 1056768K
  class space    used 163K, capacity 495K, committed 512K, reserved 1048576K
Heap Regions: E=young(eden), S=young(survivor), O=old, HS=humongous(starts), HC=humongous(continues), CS=collection set, F=free, OA=open archive, CA=closed archive, TAMS=top-at-mark-start (previous, next)
|   0|0x0000000602600000, 0x0000000602600000, 0x0000000602800000|  0%| F|  |TAMS 0x0000000602600000, 0x0000000602600000| Untracked 
|   1|0x0000000602800000, 0x0000000602800000, 0x0000000602a00000|  0%| F|  |TAMS 0x0000000602800000, 0x0000000602800000| Untracked 
|   2|0x0000000602a00000, 0x0000000602a00000, 0x0000000602c00000|  0%| F|  |TAMS 0x0000000602a00000, 0x0000000602a00000| Untracked 
|   3|0x0000000602c00000, 0x0000000602c00000, 0x0000000602e00000|  0%| F|  |TAMS 0x0000000602c00000, 0x0000000602c00000| Untracked 
|   4|0x0000000602e00000, 0x0000000602e00000, 0x0000000603000000|  0%| F|  |TAMS 0x0000000602e00000, 0x0000000602e00000| Untracked 
|   5|0x0000000603000000, 0x0000000603000000, 0x0000000603200000|  0%| F|  |TAMS 0x0000000603000000, 0x0000000603000000| Untracked 
|   6|0x0000000603200000, 0x0000000603200000, 0x0000000603400000|  0%| F|  |TAMS 0x0000000603200000, 0x0000000603200000| Untracked 
|   7|0x0000000603400000, 0x0000000603400000, 0x0000000603600000|  0%| F|  |TAMS 0x0000000603400000, 0x0000000603400000| Untracked 
|   8|0x0000000603600000, 0x0000000603600000, 0x0000000603800000|  0%| F|  |TAMS 0x0000000603600000, 0x0000000603600000| Untracked 
|   9|0x0000000603800000, 0x0000000603800000, 0x0000000603a00000|  0%| F|  |TAMS 0x0000000603800000, 0x0000000603800000| Untracked 
|  10|0x0000000603a00000, 0x0000000603a00000, 0x0000000603c00000|  0%| F|  |TAMS 0x0000000603a00000, 0x0000000603a00000| Untracked 
|  11|0x0000000603c00000, 0x0000000603c00000, 0x0000000603e00000|  0%| F|  |TAMS 0x0000000603c00000, 0x0000000603c00000| Untracked 
|  12|0x0000000603e00000, 0x0000000603e00000, 0x0000000604000000|  0%| F|  |TAMS 0x0000000603e00000, 0x0000000603e00000| Untracked 
|  13|0x0000000604000000, 0x0000000604000000, 0x0000000604200000|  0%| F|  |TAMS 0x0000000604000000, 0x0000000604000000| Untracked 
|  14|0x0000000604200000, 0x0000000604200000, 0x0000000604400000|  0%| F|  |TAMS 0x0000000604200000, 0x0000000604200000| Untracked 
|  15|0x0000000604400000, 0x0000000604400000, 0x0000000604600000|  0%| F|  |TAMS 0x0000000604400000, 0x0000000604400000| Untracked 
|  16|0x0000000604600000, 0x0000000604600000, 0x0000000604800000|  0%| F|  |TAMS 0x0000000604600000, 0x0000000604600000| Untracked 
|  17|0x0000000604800000, 0x0000000604800000, 0x0000000604a00000|  0%| F|  |TAMS 0x0000000604800000, 0x0000000604800000| Untracked 
|  18|0x0000000604a00000, 0x0000000604a00000, 0x0000000604c00000|  0%| F|  |TAMS 0x0000000604a00000, 0x0000000604a00000| Untracked 
|  19|0x0000000604c00000, 0x0000000604c00000, 0x0000000604e00000|  0%| F|  |TAMS 0x0000000604c00000, 0x0000000604c00000| Untracked 
|  20|0x0000000604e00000, 0x0000000604e00000, 0x0000000605000000|  0%| F|  |TAMS 0x0000000604e00000, 0x0000000604e00000| Untracked 
|  21|0x0000000605000000, 0x0000000605000000, 0x0000000605200000|  0%| F|  |TAMS 0x0000000605000000, 0x0000000605000000| Untracked 
|  22|0x0000000605200000, 0x0000000605200000, 0x0000000605400000|  0%| F|  |TAMS 0x0000000605200000, 0x0000000605200000| Untracked 
|  23|0x0000000605400000, 0x0000000605400000, 0x0000000605600000|  0%| F|  |TAMS 0x0000000605400000, 0x0000000605400000| Untracked 
|  24|0x0000000605600000, 0x0000000605600000, 0x0000000605800000|  0%| F|  |TAMS 0x0000000605600000, 0x0000000605600000| Untracked 
|  25|0x0000000605800000, 0x0000000605800000, 0x0000000605a00000|  0%| F|  |TAMS 0x0000000605800000, 0x0000000605800000| Untracked 
|  26|0x0000000605a00000, 0x0000000605a00000, 0x0000000605c00000|  0%| F|  |TAMS 0x0000000605a00000, 0x0000000605a00000| Untracked 
|  27|0x0000000605c00000, 0x0000000605c00000, 0x0000000605e00000|  0%| F|  |TAMS 0x0000000605c00000, 0x0000000605c00000| Untracked 
|  28|0x0000000605e00000, 0x0000000605e00000, 0x0000000606000000|  0%| F|  |TAMS 0x0000000605e00000, 0x0000000605e00000| Untracked 
|  29|0x0000000606000000, 0x0000000606000000, 0x0000000606200000|  0%| F|  |TAMS 0x0000000606000000, 0x0000000606000000| Untracked 
|  30|0x0000000606200000, 0x0000000606200000, 0x0000000606400000|  0%| F|  |TAMS 0x0000000606200000, 0x0000000606200000| Untracked 
|  31|0x0000000606400000, 0x0000000606400000, 0x0000000606600000|  0%| F|  |TAMS 0x0000000606400000, 0x0000000606400000| Untracked 
|  32|0x0000000606600000, 0x0000000606600000, 0x0000000606800000|  0%| F|  |TAMS 0x0000000606600000, 0x0000000606600000| Untracked 
|  33|0x0000000606800000, 0x0000000606800000, 0x0000000606a00000|  0%| F|  |TAMS 0x0000000606800000, 0x0000000606800000| Untracked 
|  34|0x0000000606a00000, 0x0000000606a00000, 0x0000000606c00000|  0%| F|  |TAMS 0x0000000606a00000, 0x0000000606a00000| Untracked 
|  35|0x0000000606c00000, 0x0000000606c00000, 0x0000000606e00000|  0%| F|  |TAMS 0x0000000606c00000, 0x0000000606c00000| Untracked 
|  36|0x0000000606e00000, 0x0000000606e00000, 0x0000000607000000|  0%| F|  |TAMS 0x0000000606e00000, 0x0000000606e00000| Untracked 
|  37|0x0000000607000000, 0x0000000607000000, 0x0000000607200000|  0%| F|  |TAMS 0x0000000607000000, 0x0000000607000000| Untracked 
|  38|0x0000000607200000, 0x0000000607200000, 0x0000000607400000|  0%| F|  |TAMS 0x0000000607200000, 0x0000000607200000| Untracked 
|  39|0x0000000607400000, 0x0000000607400000, 0x0000000607600000|  0%| F|  |TAMS 0x0000000607400000, 0x0000000607400000| Untracked 
|  40|0x0000000607600000, 0x0000000607600000, 0x0000000607800000|  0%| F|  |TAMS 0x0000000607600000, 0x0000000607600000| Untracked 
|  41|0x0000000607800000, 0x0000000607800000, 0x0000000607a00000|  0%| F|  |TAMS 0x0000000607800000, 0x0000000607800000| Untracked 
|  42|0x0000000607a00000, 0x0000000607a00000, 0x0000000607c00000|  0%| F|  |TAMS 0x0000000607a00000, 0x0000000607a00000| Untracked 
|  43|0x0000000607c00000, 0x0000000607c00000, 0x0000000607e00000|  0%| F|  |TAMS 0x0000000607c00000, 0x0000000607c00000| Untracked 
|  44|0x0000000607e00000, 0x0000000607e00000, 0x0000000608000000|  0%| F|  |TAMS 0x0000000607e00000, 0x0000000607e00000| Untracked 
|  45|0x0000000608000000, 0x0000000608000000, 0x0000000608200000|  0%| F|  |TAMS 0x0000000608000000, 0x0000000608000000| Untracked 
|  46|0x0000000608200000, 0x0000000608200000, 0x0000000608400000|  0%| F|  |TAMS 0x0000000608200000, 0x0000000608200000| Untracked 
|  47|0x0000000608400000, 0x0000000608400000, 0x0000000608600000|  0%| F|  |TAMS 0x0000000608400000, 0x0000000608400000| Untracked 
|  48|0x0000000608600000, 0x0000000608600000, 0x0000000608800000|  0%| F|  |TAMS 0x0000000608600000, 0x0000000608600000| Untracked 
|  49|0x0000000608800000, 0x0000000608800000, 0x0000000608a00000|  0%| F|  |TAMS 0x0000000608800000, 0x0000000608800000| Untracked 
|  50|0x0000000608a00000, 0x0000000608a00000, 0x0000000608c00000|  0%| F|  |TAMS 0x0000000608a00000, 0x0000000608a00000| Untracked 
|  51|0x0000000608c00000, 0x0000000608c00000, 0x0000000608e00000|  0%| F|  |TAMS 0x0000000608c00000, 0x0000000608c00000| Untracked 
|  52|0x0000000608e00000, 0x0000000608e00000, 0x0000000609000000|  0%| F|  |TAMS 0x0000000608e00000, 0x0000000608e00000| Untracked 
|  53|0x0000000609000000, 0x0000000609000000, 0x0000000609200000|  0%| F|  |TAMS 0x0000000609000000, 0x0000000609000000| Untracked 
|  54|0x0000000609200000, 0x0000000609200000, 0x0000000609400000|  0%| F|  |TAMS 0x0000000609200000, 0x0000000609200000| Untracked 
|  55|0x0000000609400000, 0x0000000609400000, 0x0000000609600000|  0%| F|  |TAMS 0x0000000609400000, 0x0000000609400000| Untracked 
|  56|0x0000000609600000, 0x0000000609600000, 0x0000000609800000|  0%| F|  |TAMS 0x0000000609600000, 0x0000000609600000| Untracked 
|  57|0x0000000609800000, 0x0000000609800000, 0x0000000609a00000|  0%| F|  |TAMS 0x0000000609800000, 0x0000000609800000| Untracked 
|  58|0x0000000609a00000, 0x0000000609a00000, 0x0000000609c00000|  0%| F|  |TAMS 0x0000000609a00000, 0x0000000609a00000| Untracked 
|  59|0x0000000609c00000, 0x0000000609c00000, 0x0000000609e00000|  0%| F|  |TAMS 0x0000000609c00000, 0x0000000609c00000| Untracked 
|  60|0x0000000609e00000, 0x0000000609e00000, 0x000000060a000000|  0%| F|  |TAMS 0x0000000609e00000, 0x0000000609e00000| Untracked 
|  61|0x000000060a000000, 0x000000060a000000, 0x000000060a200000|  0%| F|  |TAMS 0x000000060a000000, 0x000000060a000000| Untracked 
|  62|0x000000060a200000, 0x000000060a200000, 0x000000060a400000|  0%| F|  |TAMS 0x000000060a200000, 0x000000060a200000| Untracked 
|  63|0x000000060a400000, 0x000000060a400000, 0x000000060a600000|  0%| F|  |TAMS 0x000000060a400000, 0x000000060a400000| Untracked 
|  64|0x000000060a600000, 0x000000060a600000, 0x000000060a800000|  0%| F|  |TAMS 0x000000060a600000, 0x000000060a600000| Untracked 
|  65|0x000000060a800000, 0x000000060a800000, 0x000000060aa00000|  0%| F|  |TAMS 0x000000060a800000, 0x000000060a800000| Untracked 
|  66|0x000000060aa00000, 0x000000060aa00000, 0x000000060ac00000|  0%| F|  |TAMS 0x000000060aa00000, 0x000000060aa00000| Untracked 
|  67|0x000000060ac00000, 0x000000060ac00000, 0x000000060ae00000|  0%| F|  |TAMS 0x000000060ac00000, 0x000000060ac00000| Untracked 
|  68|0x000000060ae00000, 0x000000060ae00000, 0x000000060b000000|  0%| F|  |TAMS 0x000000060ae00000, 0x000000060ae00000| Untracked 
|  69|0x000000060b000000, 0x000000060b000000, 0x000000060b200000|  0%| F|  |TAMS 0x000000060b000000, 0x000000060b000000| Untracked 
|  70|0x000000060b200000, 0x000000060b200000, 0x000000060b400000|  0%| F|  |TAMS 0x000000060b200000, 0x000000060b200000| Untracked 
|  71|0x000000060b400000, 0x000000060b400000, 0x000000060b600000|  0%| F|  |TAMS 0x000000060b400000, 0x000000060b400000| Untracked 
|  72|0x000000060b600000, 0x000000060b600000, 0x000000060b800000|  0%| F|  |TAMS 0x000000060b600000, 0x000000060b600000| Untracked 
|  73|0x000000060b800000, 0x000000060b800000, 0x000000060ba00000|  0%| F|  |TAMS 0x000000060b800000, 0x000000060b800000| Untracked 
|  74|0x000000060ba00000, 0x000000060ba00000, 0x000000060bc00000|  0%| F|  |TAMS 0x000000060ba00000, 0x000000060ba00000| Untracked 
|  75|0x000000060bc00000, 0x000000060bc00000, 0x000000060be00000|  0%| F|  |TAMS 0x000000060bc00000, 0x000000060bc00000| Untracked 
|  76|0x000000060be00000, 0x000000060be00000, 0x000000060c000000|  0%| F|  |TAMS 0x000000060be00000, 0x000000060be00000| Untracked 
|  77|0x000000060c000000, 0x000000060c000000, 0x000000060c200000|  0%| F|  |TAMS 0x000000060c000000, 0x000000060c000000| Untracked 
|  78|0x000000060c200000, 0x000000060c200000, 0x000000060c400000|  0%| F|  |TAMS 0x000000060c200000, 0x000000060c200000| Untracked 
|  79|0x000000060c400000, 0x000000060c400000, 0x000000060c600000|  0%| F|  |TAMS 0x000000060c400000, 0x000000060c400000| Untracked 
|  80|0x000000060c600000, 0x000000060c600000, 0x000000060c800000|  0%| F|  |TAMS 0x000000060c600000, 0x000000060c600000| Untracked 
|  81|0x000000060c800000, 0x000000060c800000, 0x000000060ca00000|  0%| F|  |TAMS 0x000000060c800000, 0x000000060c800000| Untracked 
|  82|0x000000060ca00000, 0x000000060ca00000, 0x000000060cc00000|  0%| F|  |TAMS 0x000000060ca00000, 0x000000060ca00000| Untracked 
|  83|0x000000060cc00000, 0x000000060cc00000, 0x000000060ce00000|  0%| F|  |TAMS 0x000000060cc00000, 0x000000060cc00000| Untracked 
|  84|0x000000060ce00000, 0x000000060ce00000, 0x000000060d000000|  0%| F|  |TAMS 0x000000060ce00000, 0x000000060ce00000| Untracked 
|  85|0x000000060d000000, 0x000000060d000000, 0x000000060d200000|  0%| F|  |TAMS 0x000000060d000000, 0x000000060d000000| Untracked 
|  86|0x000000060d200000, 0x000000060d200000, 0x000000060d400000|  0%| F|  |TAMS 0x000000060d200000, 0x000000060d200000| Untracked 
|  87|0x000000060d400000, 0x000000060d400000, 0x000000060d600000|  0%| F|  |TAMS 0x000000060d400000, 0x000000060d400000| Untracked 
|  88|0x000000060d600000, 0x000000060d600000, 0x000000060d800000|  0%| F|  |TAMS 0x000000060d600000, 0x000000060d600000| Untracked 
|  89|0x000000060d800000, 0x000000060d800000, 0x000000060da00000|  0%| F|  |TAMS 0x000000060d800000, 0x000000060d800000| Untracked 
|  90|0x000000060da00000, 0x000000060da00000, 0x000000060dc00000|  0%| F|  |TAMS 0x000000060da00000, 0x000000060da00000| Untracked 
|  91|0x000000060dc00000, 0x000000060dc00000, 0x000000060de00000|  0%| F|  |TAMS 0x000000060dc00000, 0x000000060dc00000| Untracked 
|  92|0x000000060de00000, 0x000000060de00000, 0x000000060e000000|  0%| F|  |TAMS 0x000000060de00000, 0x000000060de00000| Untracked 
|  93|0x000000060e000000, 0x000000060e000000, 0x000000060e200000|  0%| F|  |TAMS 0x000000060e000000, 0x000000060e000000| Untracked 
|  94|0x000000060e200000, 0x000000060e200000, 0x000000060e400000|  0%| F|  |TAMS 0x000000060e200000, 0x000000060e200000| Untracked 
|  95|0x000000060e400000, 0x000000060e400000, 0x000000060e600000|  0%| F|  |TAMS 0x000000060e400000, 0x000000060e400000| Untracked 
|  96|0x000000060e600000, 0x000000060e600000, 0x000000060e800000|  0%| F|  |TAMS 0x000000060e600000, 0x000000060e600000| Untracked 
|  97|0x000000060e800000, 0x000000060e800000, 0x000000060ea00000|  0%| F|  |TAMS 0x000000060e800000, 0x000000060e800000| Untracked 
|  98|0x000000060ea00000, 0x000000060ea00000, 0x000000060ec00000|  0%| F|  |TAMS 0x000000060ea00000, 0x000000060ea00000| Untracked 
|  99|0x000000060ec00000, 0x000000060ec00000, 0x000000060ee00000|  0%| F|  |TAMS 0x000000060ec00000, 0x000000060ec00000| Untracked 
| 100|0x000000060ee00000, 0x000000060ee00000, 0x000000060f000000|  0%| F|  |TAMS 0x000000060ee00000, 0x000000060ee00000| Untracked 
| 101|0x000000060f000000, 0x000000060f000000, 0x000000060f200000|  0%| F|  |TAMS 0x000000060f000000, 0x000000060f000000| Untracked 
| 102|0x000000060f200000, 0x000000060f200000, 0x000000060f400000|  0%| F|  |TAMS 0x000000060f200000, 0x000000060f200000| Untracked 
| 103|0x000000060f400000, 0x000000060f400000, 0x000000060f600000|  0%| F|  |TAMS 0x000000060f400000, 0x000000060f400000| Untracked 
| 104|0x000000060f600000, 0x000000060f600000, 0x000000060f800000|  0%| F|  |TAMS 0x000000060f600000, 0x000000060f600000| Untracked 
| 105|0x000000060f800000, 0x000000060f800000, 0x000000060fa00000|  0%| F|  |TAMS 0x000000060f800000, 0x000000060f800000| Untracked 
| 106|0x000000060fa00000, 0x000000060fa00000, 0x000000060fc00000|  0%| F|  |TAMS 0x000000060fa00000, 0x000000060fa00000| Untracked 
| 107|0x000000060fc00000, 0x000000060fc00000, 0x000000060fe00000|  0%| F|  |TAMS 0x000000060fc00000, 0x000000060fc00000| Untracked 
| 108|0x000000060fe00000, 0x000000060fe00000, 0x0000000610000000|  0%| F|  |TAMS 0x000000060fe00000, 0x000000060fe00000| Untracked 
| 109|0x0000000610000000, 0x0000000610000000, 0x0000000610200000|  0%| F|  |TAMS 0x0000000610000000, 0x0000000610000000| Untracked 
| 110|0x0000000610200000, 0x0000000610200000, 0x0000000610400000|  0%| F|  |TAMS 0x0000000610200000, 0x0000000610200000| Untracked 
| 111|0x0000000610400000, 0x0000000610400000, 0x0000000610600000|  0%| F|  |TAMS 0x0000000610400000, 0x0000000610400000| Untracked 
| 112|0x0000000610600000, 0x0000000610600000, 0x0000000610800000|  0%| F|  |TAMS 0x0000000610600000, 0x0000000610600000| Untracked 
| 113|0x0000000610800000, 0x0000000610800000, 0x0000000610a00000|  0%| F|  |TAMS 0x0000000610800000, 0x0000000610800000| Untracked 
| 114|0x0000000610a00000, 0x0000000610a00000, 0x0000000610c00000|  0%| F|  |TAMS 0x0000000610a00000, 0x0000000610a00000| Untracked 
| 115|0x0000000610c00000, 0x0000000610c00000, 0x0000000610e00000|  0%| F|  |TAMS 0x0000000610c00000, 0x0000000610c00000| Untracked 
| 116|0x0000000610e00000, 0x0000000610e00000, 0x0000000611000000|  0%| F|  |TAMS 0x0000000610e00000, 0x0000000610e00000| Untracked 
| 117|0x0000000611000000, 0x0000000611000000, 0x0000000611200000|  0%| F|  |TAMS 0x0000000611000000, 0x0000000611000000| Untracked 
| 118|0x0000000611200000, 0x0000000611200000, 0x0000000611400000|  0%| F|  |TAMS 0x0000000611200000, 0x0000000611200000| Untracked 
| 119|0x0000000611400000, 0x0000000611400000, 0x0000000611600000|  0%| F|  |TAMS 0x0000000611400000, 0x0000000611400000| Untracked 
| 120|0x0000000611600000, 0x0000000611600000, 0x0000000611800000|  0%| F|  |TAMS 0x0000000611600000, 0x0000000611600000| Untracked 
| 121|0x0000000611800000, 0x0000000611800000, 0x0000000611a00000|  0%| F|  |TAMS 0x0000000611800000, 0x0000000611800000| Untracked 
| 122|0x0000000611a00000, 0x0000000611a00000, 0x0000000611c00000|  0%| F|  |TAMS 0x0000000611a00000, 0x0000000611a00000| Untracked 
| 123|0x0000000611c00000, 0x0000000611c00000, 0x0000000611e00000|  0%| F|  |TAMS 0x0000000611c00000, 0x0000000611c00000| Untracked 
| 124|0x0000000611e00000, 0x0000000611e00000, 0x0000000612000000|  0%| F|  |TAMS 0x0000000611e00000, 0x0000000611e00000| Untracked 
| 125|0x0000000612000000, 0x0000000612000000, 0x0000000612200000|  0%| F|  |TAMS 0x0000000612000000, 0x0000000612000000| Untracked 
| 126|0x0000000612200000, 0x0000000612200000, 0x0000000612400000|  0%| F|  |TAMS 0x0000000612200000, 0x0000000612200000| Untracked 
| 127|0x0000000612400000, 0x0000000612400000, 0x0000000612600000|  0%| F|  |TAMS 0x0000000612400000, 0x0000000612400000| Untracked 
| 128|0x0000000612600000, 0x0000000612600000, 0x0000000612800000|  0%| F|  |TAMS 0x0000000612600000, 0x0000000612600000| Untracked 
| 129|0x0000000612800000, 0x0000000612800000, 0x0000000612a00000|  0%| F|  |TAMS 0x0000000612800000, 0x0000000612800000| Untracked 
| 130|0x0000000612a00000, 0x0000000612a00000, 0x0000000612c00000|  0%| F|  |TAMS 0x0000000612a00000, 0x0000000612a00000| Untracked 
| 131|0x0000000612c00000, 0x0000000612c00000, 0x0000000612e00000|  0%| F|  |TAMS 0x0000000612c00000, 0x0000000612c00000| Untracked 
| 132|0x0000000612e00000, 0x0000000612e00000, 0x0000000613000000|  0%| F|  |TAMS 0x0000000612e00000, 0x0000000612e00000| Untracked 
| 133|0x0000000613000000, 0x0000000613000000, 0x0000000613200000|  0%| F|  |TAMS 0x0000000613000000, 0x0000000613000000| Untracked 
| 134|0x0000000613200000, 0x0000000613200000, 0x0000000613400000|  0%| F|  |TAMS 0x0000000613200000, 0x0000000613200000| Untracked 
| 135|0x0000000613400000, 0x0000000613400000, 0x0000000613600000|  0%| F|  |TAMS 0x0000000613400000, 0x0000000613400000| Untracked 
| 136|0x0000000613600000, 0x0000000613600000, 0x0000000613800000|  0%| F|  |TAMS 0x0000000613600000, 0x0000000613600000| Untracked 
| 137|0x0000000613800000, 0x0000000613800000, 0x0000000613a00000|  0%| F|  |TAMS 0x0000000613800000, 0x0000000613800000| Untracked 
| 138|0x0000000613a00000, 0x0000000613a00000, 0x0000000613c00000|  0%| F|  |TAMS 0x0000000613a00000, 0x0000000613a00000| Untracked 
| 139|0x0000000613c00000, 0x0000000613c00000, 0x0000000613e00000|  0%| F|  |TAMS 0x0000000613c00000, 0x0000000613c00000| Untracked 
| 140|0x0000000613e00000, 0x0000000613e00000, 0x0000000614000000|  0%| F|  |TAMS 0x0000000613e00000, 0x0000000613e00000| Untracked 
| 141|0x0000000614000000, 0x0000000614000000, 0x0000000614200000|  0%| F|  |TAMS 0x0000000614000000, 0x0000000614000000| Untracked 
| 142|0x0000000614200000, 0x0000000614200000, 0x0000000614400000|  0%| F|  |TAMS 0x0000000614200000, 0x0000000614200000| Untracked 
| 143|0x0000000614400000, 0x0000000614400000, 0x0000000614600000|  0%| F|  |TAMS 0x0000000614400000, 0x0000000614400000| Untracked 
| 144|0x0000000614600000, 0x0000000614600000, 0x0000000614800000|  0%| F|  |TAMS 0x0000000614600000, 0x0000000614600000| Untracked 
| 145|0x0000000614800000, 0x0000000614800000, 0x0000000614a00000|  0%| F|  |TAMS 0x0000000614800000, 0x0000000614800000| Untracked 
| 146|0x0000000614a00000, 0x0000000614a00000, 0x0000000614c00000|  0%| F|  |TAMS 0x0000000614a00000, 0x0000000614a00000| Untracked 
| 147|0x0000000614c00000, 0x0000000614c00000, 0x0000000614e00000|  0%| F|  |TAMS 0x0000000614c00000, 0x0000000614c00000| Untracked 
| 148|0x0000000614e00000, 0x0000000614e00000, 0x0000000615000000|  0%| F|  |TAMS 0x0000000614e00000, 0x0000000614e00000| Untracked 
| 149|0x0000000615000000, 0x0000000615000000, 0x0000000615200000|  0%| F|  |TAMS 0x0000000615000000, 0x0000000615000000| Untracked 
| 150|0x0000000615200000, 0x0000000615200000, 0x0000000615400000|  0%| F|  |TAMS 0x0000000615200000, 0x0000000615200000| Untracked 
| 151|0x0000000615400000, 0x0000000615400000, 0x0000000615600000|  0%| F|  |TAMS 0x0000000615400000, 0x0000000615400000| Untracked 
| 152|0x0000000615600000, 0x0000000615600000, 0x0000000615800000|  0%| F|  |TAMS 0x0000000615600000, 0x0000000615600000| Untracked 
| 153|0x0000000615800000, 0x0000000615800000, 0x0000000615a00000|  0%| F|  |TAMS 0x0000000615800000, 0x0000000615800000| Untracked 
| 154|0x0000000615a00000, 0x0000000615a00000, 0x0000000615c00000|  0%| F|  |TAMS 0x0000000615a00000, 0x0000000615a00000| Untracked 
| 155|0x0000000615c00000, 0x0000000615c00000, 0x0000000615e00000|  0%| F|  |TAMS 0x0000000615c00000, 0x0000000615c00000| Untracked 
| 156|0x0000000615e00000, 0x0000000615e00000, 0x0000000616000000|  0%| F|  |TAMS 0x0000000615e00000, 0x0000000615e00000| Untracked 
| 157|0x0000000616000000, 0x0000000616000000, 0x0000000616200000|  0%| F|  |TAMS 0x0000000616000000, 0x0000000616000000| Untracked 
| 158|0x0000000616200000, 0x0000000616200000, 0x0000000616400000|  0%| F|  |TAMS 0x0000000616200000, 0x0000000616200000| Untracked 
| 159|0x0000000616400000, 0x0000000616400000, 0x0000000616600000|  0%| F|  |TAMS 0x0000000616400000, 0x0000000616400000| Untracked 
| 160|0x0000000616600000, 0x0000000616600000, 0x0000000616800000|  0%| F|  |TAMS 0x0000000616600000, 0x0000000616600000| Untracked 
| 161|0x0000000616800000, 0x0000000616800000, 0x0000000616a00000|  0%| F|  |TAMS 0x0000000616800000, 0x0000000616800000| Untracked 
| 162|0x0000000616a00000, 0x0000000616a00000, 0x0000000616c00000|  0%| F|  |TAMS 0x0000000616a00000, 0x0000000616a00000| Untracked 
| 163|0x0000000616c00000, 0x0000000616c00000, 0x0000000616e00000|  0%| F|  |TAMS 0x0000000616c00000, 0x0000000616c00000| Untracked 
| 164|0x0000000616e00000, 0x0000000616e00000, 0x0000000617000000|  0%| F|  |TAMS 0x0000000616e00000, 0x0000000616e00000| Untracked 
| 165|0x0000000617000000, 0x0000000617000000, 0x0000000617200000|  0%| F|  |TAMS 0x0000000617000000, 0x0000000617000000| Untracked 
| 166|0x0000000617200000, 0x0000000617200000, 0x0000000617400000|  0%| F|  |TAMS 0x0000000617200000, 0x0000000617200000| Untracked 
| 167|0x0000000617400000, 0x0000000617400000, 0x0000000617600000|  0%| F|  |TAMS 0x0000000617400000, 0x0000000617400000| Untracked 
| 168|0x0000000617600000, 0x0000000617600000, 0x0000000617800000|  0%| F|  |TAMS 0x0000000617600000, 0x0000000617600000| Untracked 
| 169|0x0000000617800000, 0x0000000617800000, 0x0000000617a00000|  0%| F|  |TAMS 0x0000000617800000, 0x0000000617800000| Untracked 
| 170|0x0000000617a00000, 0x0000000617a00000, 0x0000000617c00000|  0%| F|  |TAMS 0x0000000617a00000, 0x0000000617a00000| Untracked 
| 171|0x0000000617c00000, 0x0000000617c00000, 0x0000000617e00000|  0%| F|  |TAMS 0x0000000617c00000, 0x0000000617c00000| Untracked 
| 172|0x0000000617e00000, 0x0000000617e00000, 0x0000000618000000|  0%| F|  |TAMS 0x0000000617e00000, 0x0000000617e00000| Untracked 
| 173|0x0000000618000000, 0x0000000618000000, 0x0000000618200000|  0%| F|  |TAMS 0x0000000618000000, 0x0000000618000000| Untracked 
| 174|0x0000000618200000, 0x0000000618200000, 0x0000000618400000|  0%| F|  |TAMS 0x0000000618200000, 0x0000000618200000| Untracked 
| 175|0x0000000618400000, 0x0000000618400000, 0x0000000618600000|  0%| F|  |TAMS 0x0000000618400000, 0x0000000618400000| Untracked 
| 176|0x0000000618600000, 0x0000000618600000, 0x0000000618800000|  0%| F|  |TAMS 0x0000000618600000, 0x0000000618600000| Untracked 
| 177|0x0000000618800000, 0x0000000618800000, 0x0000000618a00000|  0%| F|  |TAMS 0x0000000618800000, 0x0000000618800000| Untracked 
| 178|0x0000000618a00000, 0x0000000618a00000, 0x0000000618c00000|  0%| F|  |TAMS 0x0000000618a00000, 0x0000000618a00000| Untracked 
| 179|0x0000000618c00000, 0x0000000618c00000, 0x0000000618e00000|  0%| F|  |TAMS 0x0000000618c00000, 0x0000000618c00000| Untracked 
| 180|0x0000000618e00000, 0x0000000618e00000, 0x0000000619000000|  0%| F|  |TAMS 0x0000000618e00000, 0x0000000618e00000| Untracked 
| 181|0x0000000619000000, 0x0000000619000000, 0x0000000619200000|  0%| F|  |TAMS 0x0000000619000000, 0x0000000619000000| Untracked 
| 182|0x0000000619200000, 0x0000000619200000, 0x0000000619400000|  0%| F|  |TAMS 0x0000000619200000, 0x0000000619200000| Untracked 
| 183|0x0000000619400000, 0x0000000619400000, 0x0000000619600000|  0%| F|  |TAMS 0x0000000619400000, 0x0000000619400000| Untracked 
| 184|0x0000000619600000, 0x0000000619600000, 0x0000000619800000|  0%| F|  |TAMS 0x0000000619600000, 0x0000000619600000| Untracked 
| 185|0x0000000619800000, 0x0000000619800000, 0x0000000619a00000|  0%| F|  |TAMS 0x0000000619800000, 0x0000000619800000| Untracked 
| 186|0x0000000619a00000, 0x0000000619a00000, 0x0000000619c00000|  0%| F|  |TAMS 0x0000000619a00000, 0x0000000619a00000| Untracked 
| 187|0x0000000619c00000, 0x0000000619c00000, 0x0000000619e00000|  0%| F|  |TAMS 0x0000000619c00000, 0x0000000619c00000| Untracked 
| 188|0x0000000619e00000, 0x0000000619e00000, 0x000000061a000000|  0%| F|  |TAMS 0x0000000619e00000, 0x0000000619e00000| Untracked 
| 189|0x000000061a000000, 0x000000061a000000, 0x000000061a200000|  0%| F|  |TAMS 0x000000061a000000, 0x000000061a000000| Untracked 
| 190|0x000000061a200000, 0x000000061a200000, 0x000000061a400000|  0%| F|  |TAMS 0x000000061a200000, 0x000000061a200000| Untracked 
| 191|0x000000061a400000, 0x000000061a400000, 0x000000061a600000|  0%| F|  |TAMS 0x000000061a400000, 0x000000061a400000| Untracked 
| 192|0x000000061a600000, 0x000000061a600000, 0x000000061a800000|  0%| F|  |TAMS 0x000000061a600000, 0x000000061a600000| Untracked 
| 193|0x000000061a800000, 0x000000061a800000, 0x000000061aa00000|  0%| F|  |TAMS 0x000000061a800000, 0x000000061a800000| Untracked 
| 194|0x000000061aa00000, 0x000000061aa00000, 0x000000061ac00000|  0%| F|  |TAMS 0x000000061aa00000, 0x000000061aa00000| Untracked 
| 195|0x000000061ac00000, 0x000000061ac00000, 0x000000061ae00000|  0%| F|  |TAMS 0x000000061ac00000, 0x000000061ac00000| Untracked 
| 196|0x000000061ae00000, 0x000000061ae00000, 0x000000061b000000|  0%| F|  |TAMS 0x000000061ae00000, 0x000000061ae00000| Untracked 
| 197|0x000000061b000000, 0x000000061b000000, 0x000000061b200000|  0%| F|  |TAMS 0x000000061b000000, 0x000000061b000000| Untracked 
| 198|0x000000061b200000, 0x000000061b200000, 0x000000061b400000|  0%| F|  |TAMS 0x000000061b200000, 0x000000061b200000| Untracked 
| 199|0x000000061b400000, 0x000000061b400000, 0x000000061b600000|  0%| F|  |TAMS 0x000000061b400000, 0x000000061b400000| Untracked 
| 200|0x000000061b600000, 0x000000061b600000, 0x000000061b800000|  0%| F|  |TAMS 0x000000061b600000, 0x000000061b600000| Untracked 
| 201|0x000000061b800000, 0x000000061b800000, 0x000000061ba00000|  0%| F|  |TAMS 0x000000061b800000, 0x000000061b800000| Untracked 
| 202|0x000000061ba00000, 0x000000061ba00000, 0x000000061bc00000|  0%| F|  |TAMS 0x000000061ba00000, 0x000000061ba00000| Untracked 
| 203|0x000000061bc00000, 0x000000061bc00000, 0x000000061be00000|  0%| F|  |TAMS 0x000000061bc00000, 0x000000061bc00000| Untracked 
| 204|0x000000061be00000, 0x000000061be00000, 0x000000061c000000|  0%| F|  |TAMS 0x000000061be00000, 0x000000061be00000| Untracked 
| 205|0x000000061c000000, 0x000000061c000000, 0x000000061c200000|  0%| F|  |TAMS 0x000000061c000000, 0x000000061c000000| Untracked 
| 206|0x000000061c200000, 0x000000061c200000, 0x000000061c400000|  0%| F|  |TAMS 0x000000061c200000, 0x000000061c200000| Untracked 
| 207|0x000000061c400000, 0x000000061c400000, 0x000000061c600000|  0%| F|  |TAMS 0x000000061c400000, 0x000000061c400000| Untracked 
| 208|0x000000061c600000, 0x000000061c600000, 0x000000061c800000|  0%| F|  |TAMS 0x000000061c600000, 0x000000061c600000| Untracked 
| 209|0x000000061c800000, 0x000000061c800000, 0x000000061ca00000|  0%| F|  |TAMS 0x000000061c800000, 0x000000061c800000| Untracked 
| 210|0x000000061ca00000, 0x000000061ca00000, 0x000000061cc00000|  0%| F|  |TAMS 0x000000061ca00000, 0x000000061ca00000| Untracked 
| 211|0x000000061cc00000, 0x000000061cc00000, 0x000000061ce00000|  0%| F|  |TAMS 0x000000061cc00000, 0x000000061cc00000| Untracked 
| 212|0x000000061ce00000, 0x000000061ce00000, 0x000000061d000000|  0%| F|  |TAMS 0x000000061ce00000, 0x000000061ce00000| Untracked 
| 213|0x000000061d000000, 0x000000061d000000, 0x000000061d200000|  0%| F|  |TAMS 0x000000061d000000, 0x000000061d000000| Untracked 
| 214|0x000000061d200000, 0x000000061d200000, 0x000000061d400000|  0%| F|  |TAMS 0x000000061d200000, 0x000000061d200000| Untracked 
| 215|0x000000061d400000, 0x000000061d400000, 0x000000061d600000|  0%| F|  |TAMS 0x000000061d400000, 0x000000061d400000| Untracked 
| 216|0x000000061d600000, 0x000000061d600000, 0x000000061d800000|  0%| F|  |TAMS 0x000000061d600000, 0x000000061d600000| Untracked 
| 217|0x000000061d800000, 0x000000061d800000, 0x000000061da00000|  0%| F|  |TAMS 0x000000061d800000, 0x000000061d800000| Untracked 
| 218|0x000000061da00000, 0x000000061da00000, 0x000000061dc00000|  0%| F|  |TAMS 0x000000061da00000, 0x000000061da00000| Untracked 
| 219|0x000000061dc00000, 0x000000061dc00000, 0x000000061de00000|  0%| F|  |TAMS 0x000000061dc00000, 0x000000061dc00000| Untracked 
| 220|0x000000061de00000, 0x000000061de00000, 0x000000061e000000|  0%| F|  |TAMS 0x000000061de00000, 0x000000061de00000| Untracked 
| 221|0x000000061e000000, 0x000000061e000000, 0x000000061e200000|  0%| F|  |TAMS 0x000000061e000000, 0x000000061e000000| Untracked 
| 222|0x000000061e200000, 0x000000061e200000, 0x000000061e400000|  0%| F|  |TAMS 0x000000061e200000, 0x000000061e200000| Untracked 
| 223|0x000000061e400000, 0x000000061e400000, 0x000000061e600000|  0%| F|  |TAMS 0x000000061e400000, 0x000000061e400000| Untracked 
| 224|0x000000061e600000, 0x000000061e600000, 0x000000061e800000|  0%| F|  |TAMS 0x000000061e600000, 0x000000061e600000| Untracked 
| 225|0x000000061e800000, 0x000000061e800000, 0x000000061ea00000|  0%| F|  |TAMS 0x000000061e800000, 0x000000061e800000| Untracked 
| 226|0x000000061ea00000, 0x000000061ea00000, 0x000000061ec00000|  0%| F|  |TAMS 0x000000061ea00000, 0x000000061ea00000| Untracked 
| 227|0x000000061ec00000, 0x000000061ec00000, 0x000000061ee00000|  0%| F|  |TAMS 0x000000061ec00000, 0x000000061ec00000| Untracked 
| 228|0x000000061ee00000, 0x000000061ee00000, 0x000000061f000000|  0%| F|  |TAMS 0x000000061ee00000, 0x000000061ee00000| Untracked 
| 229|0x000000061f000000, 0x000000061f000000, 0x000000061f200000|  0%| F|  |TAMS 0x000000061f000000, 0x000000061f000000| Untracked 
| 230|0x000000061f200000, 0x000000061f200000, 0x000000061f400000|  0%| F|  |TAMS 0x000000061f200000, 0x000000061f200000| Untracked 
| 231|0x000000061f400000, 0x000000061f400000, 0x000000061f600000|  0%| F|  |TAMS 0x000000061f400000, 0x000000061f400000| Untracked 
| 232|0x000000061f600000, 0x000000061f600000, 0x000000061f800000|  0%| F|  |TAMS 0x000000061f600000, 0x000000061f600000| Untracked 
| 233|0x000000061f800000, 0x000000061f800000, 0x000000061fa00000|  0%| F|  |TAMS 0x000000061f800000, 0x000000061f800000| Untracked 
| 234|0x000000061fa00000, 0x000000061fa00000, 0x000000061fc00000|  0%| F|  |TAMS 0x000000061fa00000, 0x000000061fa00000| Untracked 
| 235|0x000000061fc00000, 0x000000061fc00000, 0x000000061fe00000|  0%| F|  |TAMS 0x000000061fc00000, 0x000000061fc00000| Untracked 
| 236|0x000000061fe00000, 0x000000061fe00000, 0x0000000620000000|  0%| F|  |TAMS 0x000000061fe00000, 0x000000061fe00000| Untracked 
| 237|0x0000000620000000, 0x0000000620000000, 0x0000000620200000|  0%| F|  |TAMS 0x0000000620000000, 0x0000000620000000| Untracked 
| 238|0x0000000620200000, 0x0000000620200000, 0x0000000620400000|  0%| F|  |TAMS 0x0000000620200000, 0x0000000620200000| Untracked 
| 239|0x0000000620400000, 0x0000000620400000, 0x0000000620600000|  0%| F|  |TAMS 0x0000000620400000, 0x0000000620400000| Untracked 
| 240|0x0000000620600000, 0x0000000620600000, 0x0000000620800000|  0%| F|  |TAMS 0x0000000620600000, 0x0000000620600000| Untracked 
| 241|0x0000000620800000, 0x0000000620800000, 0x0000000620a00000|  0%| F|  |TAMS 0x0000000620800000, 0x0000000620800000| Untracked 
| 242|0x0000000620a00000, 0x0000000620a00000, 0x0000000620c00000|  0%| F|  |TAMS 0x0000000620a00000, 0x0000000620a00000| Untracked 
| 243|0x0000000620c00000, 0x0000000620c00000, 0x0000000620e00000|  0%| F|  |TAMS 0x0000000620c00000, 0x0000000620c00000| Untracked 
| 244|0x0000000620e00000, 0x0000000620e00000, 0x0000000621000000|  0%| F|  |TAMS 0x0000000620e00000, 0x0000000620e00000| Untracked 
| 245|0x0000000621000000, 0x0000000621000000, 0x0000000621200000|  0%| F|  |TAMS 0x0000000621000000, 0x0000000621000000| Untracked 
| 246|0x0000000621200000, 0x0000000621200000, 0x0000000621400000|  0%| F|  |TAMS 0x0000000621200000, 0x0000000621200000| Untracked 
| 247|0x0000000621400000, 0x0000000621400000, 0x0000000621600000|  0%| F|  |TAMS 0x0000000621400000, 0x0000000621400000| Untracked 
| 248|0x0000000621600000, 0x0000000621600000, 0x0000000621800000|  0%| F|  |TAMS 0x0000000621600000, 0x0000000621600000| Untracked 
| 249|0x0000000621800000, 0x0000000621800000, 0x0000000621a00000|  0%| F|  |TAMS 0x0000000621800000, 0x0000000621800000| Untracked 
| 250|0x0000000621a00000, 0x0000000621a00000, 0x0000000621c00000|  0%| F|  |TAMS 0x0000000621a00000, 0x0000000621a00000| Untracked 
| 251|0x0000000621c00000, 0x0000000621cf6460, 0x0000000621e00000| 48%| E|  |TAMS 0x0000000621c00000, 0x0000000621c00000| Complete 
| 252|0x0000000621e00000, 0x0000000622000000, 0x0000000622000000|100%| E|CS|TAMS 0x0000000621e00000, 0x0000000621e00000| Complete 
| 253|0x0000000622000000, 0x0000000622200000, 0x0000000622200000|100%| E|CS|TAMS 0x0000000622000000, 0x0000000622000000| Complete 
| 254|0x0000000622200000, 0x0000000622400000, 0x0000000622400000|100%| E|CS|TAMS 0x0000000622200000, 0x0000000622200000| Complete 

Card table byte_map: [0x00000255741f0000,0x00000255751e0000] _byte_map_base: 0x00000255711dd000

Marking Bits (Prev, Next): (CMBitMap*) 0x000002556a57e0b8, (CMBitMap*) 0x000002556a57e0f8
 Prev Bits: [0x00000255761d0000, 0x000002557e138000)
 Next Bits: [0x000002550f000000, 0x0000025516f68000)

Polling page: 0x0000025569ce0000

Metaspace:

Usage:
  Non-class:      5.25 MB capacity,     2.30 MB ( 44%) used,     2.95 MB ( 56%) free+waste,     2.25 KB ( <1%) overhead. 
      Class:    495.00 KB capacity,   163.59 KB ( 33%) used,   330.54 KB ( 67%) free+waste,   896 bytes ( <1%) overhead. 
       Both:      5.74 MB capacity,     2.46 MB ( 43%) used,     3.27 MB ( 57%) free+waste,     3.13 KB ( <1%) overhead. 

Virtual space:
  Non-class space:        8.00 MB reserved,       5.50 MB ( 69%) committed 
      Class space:        1.00 GB reserved,     512.00 KB ( <1%) committed 
             Both:        1.01 GB reserved,       6.00 MB ( <1%) committed 

Chunk freelists:
   Non-Class:  123.00 KB
       Class:  17.00 KB
        Both:  140.00 KB

MaxMetaspaceSize: 17179869184.00 GB
CompressedClassSpaceSize: 1.00 GB

CodeHeap 'non-profiled nmethods': size=120000Kb used=106Kb max_used=106Kb free=119893Kb
 bounds [0x0000025507ad0000, 0x0000025507d40000, 0x000002550f000000]
CodeHeap 'profiled nmethods': size=120000Kb used=628Kb max_used=628Kb free=119371Kb
 bounds [0x00000255005a0000, 0x0000025500810000, 0x0000025507ad0000]
CodeHeap 'non-nmethods': size=5760Kb used=1199Kb max_used=1212Kb free=4560Kb
 bounds [0x0000025500000000, 0x0000025500270000, 0x00000255005a0000]
 total_blobs=1257 nmethods=417 adapters=377
 compilation: enabled
              stopped_count=0, restarted_count=0
 full_count=0

Compilation events (20 events):
Event: 1.373 Thread 0x000002557f831000  407       3       java.lang.String::toLowerCase (8 bytes)
Event: 1.373 Thread 0x000002557f831000 nmethod 407 0x000002550063bb10 code [0x000002550063bce0, 0x000002550063c078]
Event: 1.374 Thread 0x000002557f831000  408       3       java.util.Locale::getDefault (4 bytes)
Event: 1.374 Thread 0x000002557f831000 nmethod 408 0x000002550063c190 code [0x000002550063c320, 0x000002550063c418]
Event: 1.374 Thread 0x000002557f831000  409       3       java.util.Random::nextFloat (11 bytes)
Event: 1.374 Thread 0x000002557f82c800  411       4       java.util.concurrent.atomic.AtomicLong::compareAndSet (13 bytes)
Event: 1.374 Thread 0x000002557f831000 nmethod 409 0x000002550063c490 code [0x000002550063c660, 0x000002550063c7c8]
Event: 1.374 Thread 0x000002557f831000  410       3       java.util.Random::next (47 bytes)
Event: 1.375 Thread 0x000002557f831000 nmethod 410 0x000002550063c890 code [0x000002550063ca40, 0x000002550063ccf8]
Event: 1.375 Thread 0x000002557f831000  412       3       semesterproject.Block::<init> (10 bytes)
Event: 1.375 Thread 0x000002557f831000 nmethod 412 0x000002550063ce10 code [0x000002550063cfa0, 0x000002550063d178]
Event: 1.375 Thread 0x000002557f82c800 nmethod 411 0x0000025507ae9710 code [0x0000025507ae9880, 0x0000025507ae98f8]
Event: 1.375 Thread 0x000002557f82c800  413       4       java.util.Random::nextFloat (11 bytes)
Event: 1.378 Thread 0x000002557f82c800 nmethod 413 0x0000025507ae9a10 code [0x0000025507ae9bc0, 0x0000025507ae9cd8]
Event: 1.378 Thread 0x000002557f82c800  414       4       java.util.Random::next (47 bytes)
Event: 1.380 Thread 0x000002557f82c800 nmethod 414 0x0000025507ae9d90 code [0x0000025507ae9f20, 0x0000025507aea038]
Event: 1.380 Thread 0x000002557f82c800  415       4       semesterproject.Block::<init> (10 bytes)
Event: 1.383 Thread 0x000002557f82c800 nmethod 415 0x0000025507aea110 code [0x0000025507aea280, 0x0000025507aea3b8]
Event: 1.396 Thread 0x000002557f82c800  417       4       java.util.concurrent.ConcurrentHashMap::tabAt (22 bytes)
Event: 1.398 Thread 0x000002557f82c800 nmethod 417 0x0000025507aea810 code [0x0000025507aea980, 0x0000025507aea9d8]

GC Heap History (0 events):
No events

Deoptimization events (20 events):
Event: 1.282 Thread 0x000002556a4fa000 DEOPT PACKING pc=0x0000025500631129 sp=0x000000844dcfe7d0
Event: 1.282 Thread 0x000002556a4fa000 DEOPT UNPACKING pc=0x000002550004964e sp=0x000000844dcfdc30 mode 0
Event: 1.283 Thread 0x000002556a4fa000 DEOPT PACKING pc=0x0000025500631129 sp=0x000000844dcfe7d0
Event: 1.283 Thread 0x000002556a4fa000 DEOPT UNPACKING pc=0x000002550004964e sp=0x000000844dcfdc30 mode 0
Event: 1.295 Thread 0x000002556a4fa000 DEOPT PACKING pc=0x000002550063a4e7 sp=0x000000844dcfe7e0
Event: 1.295 Thread 0x000002556a4fa000 DEOPT UNPACKING pc=0x000002550004964e sp=0x000000844dcfdc70 mode 0
Event: 1.302 Thread 0x000002556a4fa000 DEOPT PACKING pc=0x000002550063a4e7 sp=0x000000844dcfe7e0
Event: 1.302 Thread 0x000002556a4fa000 DEOPT UNPACKING pc=0x000002550004964e sp=0x000000844dcfdc70 mode 0
Event: 1.310 Thread 0x000002556a4fa000 DEOPT PACKING pc=0x000002550063a4e7 sp=0x000000844dcfe7e0
Event: 1.310 Thread 0x000002556a4fa000 DEOPT UNPACKING pc=0x000002550004964e sp=0x000000844dcfdc70 mode 0
Event: 1.311 Thread 0x000002556a4fa000 DEOPT PACKING pc=0x000002550063a4e7 sp=0x000000844dcfe7e0
Event: 1.311 Thread 0x000002556a4fa000 DEOPT UNPACKING pc=0x000002550004964e sp=0x000000844dcfdc70 mode 0
Event: 1.311 Thread 0x000002556a4fa000 DEOPT PACKING pc=0x000002550063a4e7 sp=0x000000844dcfe7e0
Event: 1.311 Thread 0x000002556a4fa000 DEOPT UNPACKING pc=0x000002550004964e sp=0x000000844dcfdc70 mode 0
Event: 1.312 Thread 0x000002556a4fa000 DEOPT PACKING pc=0x000002550063a4e7 sp=0x000000844dcfe7e0
Event: 1.312 Thread 0x000002556a4fa000 DEOPT UNPACKING pc=0x000002550004964e sp=0x000000844dcfdc70 mode 0
Event: 1.313 Thread 0x000002556a4fa000 DEOPT PACKING pc=0x000002550063a4e7 sp=0x000000844dcfe7e0
Event: 1.313 Thread 0x000002556a4fa000 DEOPT UNPACKING pc=0x000002550004964e sp=0x000000844dcfdc70 mode 0
Event: 1.313 Thread 0x000002556a4fa000 DEOPT PACKING pc=0x000002550063a4e7 sp=0x000000844dcfe7e0
Event: 1.313 Thread 0x000002556a4fa000 DEOPT UNPACKING pc=0x000002550004964e sp=0x000000844dcfdc70 mode 0

Classes unloaded (0 events):
No events

Classes redefined (0 events):
No events

Internal exceptions (0 events):
No events

Events (20 events):
Event: 1.115 loading class sun/java2d/cmm/ProfileActivator done
Event: 1.115 loading class java/awt/color/ICC_Profile$1 done
Event: 1.115 loading class java/awt/color/ICC_ColorSpace
Event: 1.115 loading class java/awt/color/ICC_ColorSpace done
Event: 1.115 loading class java/awt/image/DataBuffer
Event: 1.116 loading class java/awt/image/DataBuffer done
Event: 1.116 loading class java/awt/image/DataBuffer$1
Event: 1.116 loading class sun/awt/image/SunWritableRaster$DataStealer
Event: 1.116 loading class sun/awt/image/SunWritableRaster$DataStealer done
Event: 1.116 loading class java/awt/image/DataBuffer$1 done
Event: 1.116 loading class sun/awt/image/SunWritableRaster
Event: 1.116 loading class java/awt/image/WritableRaster
Event: 1.116 loading class java/awt/image/Raster
Event: 1.117 loading class java/awt/image/Raster done
Event: 1.117 loading class java/awt/image/WritableRaster done
Event: 1.117 loading class sun/awt/image/SunWritableRaster done
Event: 1.121 loading class java/util/zip/DataFormatException
Event: 1.121 loading class java/util/zip/DataFormatException done
Event: 1.122 loading class java/io/EOFException
Event: 1.122 loading class java/io/EOFException done


Dynamic libraries:
0x00007ff7d5620000 - 0x00007ff7d562f000 	C:\Program Files\Java\jdk-14\bin\java.exe
0x00007ffd0f690000 - 0x00007ffd0f886000 	C:\WINDOWS\SYSTEM32\ntdll.dll
0x00007ffd0f590000 - 0x00007ffd0f64d000 	C:\WINDOWS\System32\KERNEL32.DLL
0x00007ffd0d340000 - 0x00007ffd0d608000 	C:\WINDOWS\System32\KERNELBASE.dll
0x00007ffd0cde0000 - 0x00007ffd0cee0000 	C:\WINDOWS\System32\ucrtbase.dll
0x00007ffcfc740000 - 0x00007ffcfc755000 	C:\Program Files\Java\jdk-14\bin\VCRUNTIME140.dll
0x00007ffcf5060000 - 0x00007ffcf5078000 	C:\Program Files\Java\jdk-14\bin\jli.dll
0x00007ffd0f4e0000 - 0x00007ffd0f58a000 	C:\WINDOWS\System32\ADVAPI32.dll
0x00007ffd0dec0000 - 0x00007ffd0df5e000 	C:\WINDOWS\System32\msvcrt.dll
0x00007ffd0f440000 - 0x00007ffd0f4db000 	C:\WINDOWS\System32\sechost.dll
0x00007ffd0d760000 - 0x00007ffd0d884000 	C:\WINDOWS\System32\RPCRT4.dll
0x00007ffd0e020000 - 0x00007ffd0e1c0000 	C:\WINDOWS\System32\USER32.dll
0x00007ffcf75c0000 - 0x00007ffcf785b000 	C:\WINDOWS\WinSxS\amd64_microsoft.windows.common-controls_6595b64144ccf1df_6.0.19041.488_none_ca04af081b815d21\COMCTL32.dll
0x00007ffd0d0a0000 - 0x00007ffd0d0c2000 	C:\WINDOWS\System32\win32u.dll
0x00007ffd0ef00000 - 0x00007ffd0ef2a000 	C:\WINDOWS\System32\GDI32.dll
0x00007ffd0cf90000 - 0x00007ffd0d099000 	C:\WINDOWS\System32\gdi32full.dll
0x00007ffd0d660000 - 0x00007ffd0d6fd000 	C:\WINDOWS\System32\msvcp_win.dll
0x00007ffcffbe0000 - 0x00007ffcffbea000 	C:\WINDOWS\SYSTEM32\VERSION.dll
0x00007ffd0edb0000 - 0x00007ffd0ede0000 	C:\WINDOWS\System32\IMM32.DLL
0x00007ffcfc5b0000 - 0x00007ffcfc64b000 	C:\Program Files\Java\jdk-14\bin\msvcp140.dll
0x00007ffcb48d0000 - 0x00007ffcb53ef000 	C:\Program Files\Java\jdk-14\bin\server\jvm.dll
0x00007ffd0ef30000 - 0x00007ffd0ef38000 	C:\WINDOWS\System32\PSAPI.DLL
0x00007ffcf8900000 - 0x00007ffcf8909000 	C:\WINDOWS\SYSTEM32\WSOCK32.dll
0x00007ffcff870000 - 0x00007ffcff897000 	C:\WINDOWS\SYSTEM32\WINMM.dll
0x00007ffd0e3f0000 - 0x00007ffd0e45b000 	C:\WINDOWS\System32\WS2_32.dll
0x00007ffd0b6c0000 - 0x00007ffd0b6d2000 	C:\WINDOWS\SYSTEM32\kernel.appcore.dll
0x00007ffcfc6c0000 - 0x00007ffcfc6ca000 	C:\Program Files\Java\jdk-14\bin\jimage.dll
0x00007ffd0aa10000 - 0x00007ffd0abf4000 	C:\WINDOWS\SYSTEM32\DBGHELP.DLL
0x00007ffceb2d0000 - 0x00007ffceb2fc000 	C:\WINDOWS\SYSTEM32\dbgcore.DLL
0x00007ffd0d290000 - 0x00007ffd0d30f000 	C:\WINDOWS\System32\bcryptPrimitives.dll
0x00007ffcfc6d0000 - 0x00007ffcfc6f5000 	C:\Program Files\Java\jdk-14\bin\java.dll
0x00007ffcfc6a0000 - 0x00007ffcfc6b7000 	C:\Program Files\Java\jdk-14\bin\zip.dll
0x00007ffd0e460000 - 0x00007ffd0eba0000 	C:\WINDOWS\System32\SHELL32.dll
0x00007ffd0af10000 - 0x00007ffd0b6a4000 	C:\WINDOWS\SYSTEM32\windows.storage.dll
0x00007ffd0db00000 - 0x00007ffd0de55000 	C:\WINDOWS\System32\combase.dll
0x00007ffd0c850000 - 0x00007ffd0c87c000 	C:\WINDOWS\SYSTEM32\Wldp.dll
0x00007ffd0e1c0000 - 0x00007ffd0e26e000 	C:\WINDOWS\System32\SHCORE.dll
0x00007ffd0daa0000 - 0x00007ffd0daf5000 	C:\WINDOWS\System32\shlwapi.dll
0x00007ffd0cd10000 - 0x00007ffd0cd36000 	C:\WINDOWS\SYSTEM32\profapi.dll
0x00007ffcfc680000 - 0x00007ffcfc699000 	C:\Program Files\Java\jdk-14\bin\net.dll
0x00007ffcffcf0000 - 0x00007ffcffdf0000 	C:\WINDOWS\SYSTEM32\WINHTTP.dll
0x00007ffd0c5d0000 - 0x00007ffd0c63a000 	C:\WINDOWS\system32\mswsock.dll
0x00007ffcfc660000 - 0x00007ffcfc672000 	C:\Program Files\Java\jdk-14\bin\nio.dll
0x00007ffcfc650000 - 0x00007ffcfc660000 	C:\Program Files\Java\jdk-14\bin\verify.dll
0x0000000180000000 - 0x0000000180053000 	D:\lwjgl-2.9.2\native\windows\lwjgl64.dll
0x00007ffcf7c60000 - 0x00007ffcf7d85000 	C:\WINDOWS\SYSTEM32\OPENGL32.dll
0x00007ffcfecd0000 - 0x00007ffcfecfc000 	C:\WINDOWS\SYSTEM32\GLU32.dll
0x00007ffd06c40000 - 0x00007ffd06cee000 	C:\WINDOWS\SYSTEM32\mscms.dll
0x00007ffd0cc90000 - 0x00007ffd0ccbe000 	C:\WINDOWS\SYSTEM32\USERENV.dll
0x00007ffd06b40000 - 0x00007ffd06b51000 	C:\WINDOWS\SYSTEM32\ColorAdapterClient.dll
0x00007ffd0ebb0000 - 0x00007ffd0ec7d000 	C:\WINDOWS\System32\OLEAUT32.dll
0x00007ffd0df60000 - 0x00007ffd0e009000 	C:\WINDOWS\System32\clbcatq.dll
0x00007ffd04f90000 - 0x00007ffd04fd3000 	C:\Windows\System32\Windows.Internal.Graphics.Display.DisplayColorManagement.dll
0x00007ffd0d610000 - 0x00007ffd0d65e000 	C:\WINDOWS\System32\cfgmgr32.dll
0x00007ffd0a400000 - 0x00007ffd0a49f000 	C:\WINDOWS\system32\uxtheme.dll
0x00007ffd0ede0000 - 0x00007ffd0eef5000 	C:\WINDOWS\System32\MSCTF.dll
0x00007ffd05a00000 - 0x00007ffd05afa000 	C:\Windows\System32\AppXDeploymentClient.dll
0x00007ffcb3730000 - 0x00007ffcb46f5000 	C:\WINDOWS\System32\DriverStore\FileRepository\iigd_dch.inf_amd64_a086f01cc7be643a\ig9icd64.dll
0x00007ffd0ec80000 - 0x00007ffd0edaa000 	C:\WINDOWS\System32\ole32.dll
0x00007ffd0a5d0000 - 0x00007ffd0a5ff000 	C:\WINDOWS\system32\dwmapi.dll
0x00007ffd0b730000 - 0x00007ffd0b823000 	C:\WINDOWS\system32\dxgi.dll
0x00007ffd02dc0000 - 0x00007ffd02fff000 	C:\WINDOWS\System32\DriverStore\FileRepository\iigd_dch.inf_amd64_a086f01cc7be643a\igdgmm64.dll
0x00007ffcf9a50000 - 0x00007ffcf9b4c000 	C:\WINDOWS\SYSTEM32\textinputframework.dll
0x00007ffd09960000 - 0x00007ffd09cbe000 	C:\WINDOWS\System32\CoreUIComponents.dll
0x00007ffd0a040000 - 0x00007ffd0a132000 	C:\WINDOWS\System32\CoreMessaging.dll
0x00007ffd08980000 - 0x00007ffd08ad6000 	C:\WINDOWS\SYSTEM32\wintypes.dll
0x00007ffd0bb20000 - 0x00007ffd0bb53000 	C:\WINDOWS\SYSTEM32\ntmarta.dll
0x00007ffcd2480000 - 0x00007ffcd24c3000 	C:\WINDOWS\SYSTEM32\icm32.dll
0x00007ffca30c0000 - 0x00007ffca34d5000 	C:\WINDOWS\System32\DriverStore\FileRepository\iigd_dch.inf_amd64_a086f01cc7be643a\igdml64.dll
0x00007ffd00150000 - 0x00007ffd02db2000 	C:\WINDOWS\System32\DriverStore\FileRepository\iigd_dch.inf_amd64_a086f01cc7be643a\igc64.dll
0x00007ffd0c3e0000 - 0x00007ffd0c42b000 	C:\WINDOWS\SYSTEM32\powrprof.dll
0x00007ffd0c250000 - 0x00007ffd0c262000 	C:\WINDOWS\SYSTEM32\UMPDC.dll
0x00007ffcbfe50000 - 0x00007ffcbffe8000 	C:\Program Files\Java\jdk-14\bin\awt.dll
0x00007ffd0a350000 - 0x00007ffd0a3e0000 	C:\WINDOWS\SYSTEM32\apphelp.dll

dbghelp: loaded successfully - version: 4.0.5 - missing functions: none
symbol engine: initialized successfully - sym options: 0x614 - pdb path: .;C:\Program Files\Java\jdk-14\bin;C:\WINDOWS\SYSTEM32;C:\WINDOWS\WinSxS\amd64_microsoft.windows.common-controls_6595b64144ccf1df_6.0.19041.488_none_ca04af081b815d21;C:\Program Files\Java\jdk-14\bin\server;D:\lwjgl-2.9.2\native\windows;C:\WINDOWS\System32\DriverStore\FileRepository\iigd_dch.inf_amd64_a086f01cc7be643a

VM Arguments:
jvm_args: -Dfile.encoding=UTF-8 -Djava.library.path=D:\lwjgl-2.9.2\native\windows 
java_command: semesterproject.SemesterProject
java_class_path (initial): D:\lwjgl-2.9.2\jar\jinput.jar;D:\lwjgl-2.9.2\jar\lwjgl.jar;D:\lwjgl-2.9.2\jar\lwjgl_util.jar;D:\slick-util.jar;C:\Users\17blu\OneDrive\Documents\NetBeansProjects\SemesterProject\build\classes
Launcher Type: SUN_STANDARD

[Global flags]
     intx CICompilerCount                          = 4                                         {product} {ergonomic}
     uint ConcGCThreads                            = 3                                         {product} {ergonomic}
     uint G1ConcRefinementThreads                  = 10                                        {product} {ergonomic}
   size_t G1HeapRegionSize                         = 2097152                                   {product} {ergonomic}
    uintx GCDrainStackTargetSize                   = 64                                        {product} {ergonomic}
   size_t InitialHeapSize                          = 534773760                                 {product} {ergonomic}
   size_t MarkStackSize                            = 4194304                                   {product} {ergonomic}
   size_t MaxHeapSize                              = 8550088704                                {product} {ergonomic}
   size_t MaxNewSize                               = 5129633792                                {product} {ergonomic}
   size_t MinHeapDeltaBytes                        = 2097152                                   {product} {ergonomic}
   size_t MinHeapSize                              = 8388608                                   {product} {ergonomic}
    uintx NonNMethodCodeHeapSize                   = 5839372                                {pd product} {ergonomic}
    uintx NonProfiledCodeHeapSize                  = 122909434                              {pd product} {ergonomic}
    uintx ProfiledCodeHeapSize                     = 122909434                              {pd product} {ergonomic}
    uintx ReservedCodeCacheSize                    = 251658240                              {pd product} {ergonomic}
     bool SegmentedCodeCache                       = true                                      {product} {ergonomic}
   size_t SoftMaxHeapSize                          = 8550088704                             {manageable} {ergonomic}
     bool UseCompressedClassPointers               = true                                 {lp64_product} {ergonomic}
     bool UseCompressedOops                        = true                                 {lp64_product} {ergonomic}
     bool UseG1GC                                  = true                                      {product} {ergonomic}
     bool UseLargePagesIndividualAllocation        = false                                  {pd product} {ergonomic}

Logging:
Log output configuration:
 #0: stdout all=warning uptime,level,tags
 #1: stderr all=off uptime,level,tags

Environment Variables:
JAVA_HOME=C:\Program Files\JetBrains\IntelliJ IDEA Educational Edition 2019.3.3\jbr
PATH=C:\Program Files (x86)\Intel\Intel(R) Management Engine Components\iCLS\;C:\Program Files\Intel\Intel(R) Management Engine Components\iCLS\;C:\Windows\system32;C:\Windows;C:\Windows\System32\Wbem;C:\Windows\System32\WindowsPowerShell\v1.0\;C:\Windows\System32\OpenSSH\;C:\Program Files (x86)\Intel\Intel(R) Management Engine Components\DAL;C:\Program Files\Intel\Intel(R) Management Engine Components\DAL;C:\Program Files (x86)\Intel\Intel(R) Management Engine Components\IPT;C:\Program Files\Intel\Intel(R) Management Engine Components\IPT;C:\Program Files (x86)\NVIDIA Corporation\PhysX\Common;C:\WINDOWS\system32;C:\WINDOWS;C:\WINDOWS\System32\Wbem;C:\WINDOWS\System32\WindowsPowerShell\v1.0\;C:\WINDOWS\System32\OpenSSH\;C:\Program Files\NVIDIA Corporation\NVIDIA NvDLISR;C:\Program Files\Git\cmd;C:\Program Files\JetBrains\IntelliJ IDEA Educational Edition 2019.3.3\jbr\bin;D:\Ruby27-x64\bin;C:\Users\17blu\AppData\Local\Microsoft\WindowsApps;
USERNAME=17blu
OS=Windows_NT
PROCESSOR_IDENTIFIER=Intel64 Family 6 Model 158 Stepping 10, GenuineIntel



---------------  S Y S T E M  ---------------

OS: Windows 10 , 64 bit Build 19041 (10.0.19041.546)
OS uptime: 1 days 14:48 hours

CPU:total 12 (initial active 12) (6 cores per cpu, 2 threads per core) family 6 model 158 stepping 10, cmov, cx8, fxsr, mmx, sse, sse2, sse3, ssse3, sse4.1, sse4.2, popcnt, avx, avx2, aes, clmul, erms, 3dnowpref, lzcnt, ht, tsc, tscinvbit, bmi1, bmi2, adx, fma

Memory: 4k page, system-wide physical 32614M (26724M free)
TotalPageFile size 34662M (AvailPageFile size 26595M)
current process WorkingSet (physical memory assigned to process): 94M, peak: 94M
current process commit charge ("private bytes"): 643M, peak: 643M

vm_info: Java HotSpot(TM) 64-Bit Server VM (14+36-1461) for windows-amd64 JRE (14+36-1461), built on Feb  6 2020 19:08:04 by "mach5one" with MS VC++ 15.9 (VS2017)

END.
